TN:
SF:src/bases/MarketBase.sol
FN:65,MarketBase.__MarketBase_init
FNDA:275,MarketBase.__MarketBase_init
DA:66,275
DA:67,275
DA:68,275
DA:69,275
DA:70,275
DA:71,275
DA:72,275
DA:73,275
FN:77,MarketBase.calculateFeeAmount
FNDA:256,MarketBase.calculateFeeAmount
DA:79,260
BRDA:79,0,0,22
BRDA:79,0,1,238
DA:80,238
FN:84,MarketBase.isMarketOpen
FNDA:5,MarketBase.isMarketOpen
DA:85,9
BRDA:85,1,0,1
BRDA:85,1,1,8
DA:86,1
DA:88,8
BRDA:88,2,0,1
BRDA:88,2,1,7
DA:89,1
DA:91,7
FN:95,MarketBase.isMarketResolved
FNDA:2,MarketBase.isMarketResolved
DA:96,2
FN:100,MarketBase.isMarketClosed
FNDA:3,MarketBase.isMarketClosed
DA:101,5
FN:107,MarketBase.supportsInterface
FNDA:3,MarketBase.supportsInterface
DA:108,3
FN:113,MarketBase._resolve
FNDA:3,MarketBase._resolve
DA:114,1
DA:115,1
FNF:7
FNH:7
LF:20
LH:20
BRF:6
BRH:6
end_of_record
TN:
SF:src/oracles/UMAMarket.sol
FN:52,UMAMarket.initialize
FNDA:0,UMAMarket.initialize
DA:56,0
FN:61,UMAMarket.disputeMarket
FNDA:0,UMAMarket.disputeMarket
FN:66,UMAMarket.assertionResolvedCallback
FNDA:0,UMAMarket.assertionResolvedCallback
FN:71,UMAMarket.assertionDisputedCallback
FNDA:0,UMAMarket.assertionDisputedCallback
FN:75,UMAMarket.getDisputeWindow
FNDA:0,UMAMarket.getDisputeWindow
DA:76,0
FN:79,UMAMarket.isInDisputeWindow
FNDA:0,UMAMarket.isInDisputeWindow
DA:80,0
FN:86,UMAMarket.supportsInterface
FNDA:0,UMAMarket.supportsInterface
DA:87,0
FNF:7
FNH:0
LF:4
LH:0
BRF:0
BRH:0
end_of_record
TN:
SF:src/pricing/DynamicBuyMarket.sol
FN:35,DynamicBuyMarket.__DynamicBuyMarket_init
FNDA:0,DynamicBuyMarket.__DynamicBuyMarket_init
DA:39,0
DA:40,0
DA:41,0
FN:44,DynamicBuyMarket.redeem
FNDA:0,DynamicBuyMarket.redeem
DA:49,0
DA:50,0
BRDA:50,0,0,-
BRDA:50,0,1,-
DA:51,0
DA:54,0
DA:55,0
DA:56,0
DA:57,0
FN:60,DynamicBuyMarket.calculatePrice
FNDA:0,DynamicBuyMarket.calculatePrice
DA:66,0
FN:70,DynamicBuyMarket.voteOnOutcome
FNDA:0,DynamicBuyMarket.voteOnOutcome
DA:75,0
DA:76,0
FN:79,DynamicBuyMarket.permitVoteOnOutcome
FNDA:0,DynamicBuyMarket.permitVoteOnOutcome
DA:85,0
BRDA:85,1,0,-
BRDA:85,1,1,-
DA:86,0
DA:88,0
DA:89,0
DA:90,0
FN:93,DynamicBuyMarket._vote
FNDA:0,DynamicBuyMarket._vote
DA:99,0
DA:100,0
DA:102,0
BRDA:102,2,0,-
BRDA:102,2,1,-
DA:103,0
DA:105,0
DA:107,0
DA:108,0
DA:109,0
FN:115,DynamicBuyMarket.supportsInterface
FNDA:0,DynamicBuyMarket.supportsInterface
DA:116,0
DA:117,0
FNF:7
FNH:0
LF:28
LH:0
BRF:6
BRH:0
end_of_record
TN:
SF:src/pricing/FixedPriceMarket.sol
FN:44,FixedPriceMarket.__FixedPriceMarket_init
FNDA:5,FixedPriceMarket.__FixedPriceMarket_init
DA:50,5
BRDA:50,0,0,-
BRDA:50,0,1,5
DA:51,0
DA:54,5
DA:55,5
DA:56,5
DA:57,5
FN:61,FixedPriceMarket.voteOnOutcome
FNDA:4,FixedPriceMarket.voteOnOutcome
DA:62,4
DA:63,4
FN:73,FixedPriceMarket.permitVoteOnOutcome
FNDA:1,FixedPriceMarket.permitVoteOnOutcome
DA:79,1
BRDA:79,1,0,1
BRDA:79,1,1,-
DA:80,1
DA:82,0
BRDA:82,2,0,-
BRDA:82,2,1,-
DA:83,0
DA:85,0
DA:86,0
DA:87,0
FN:94,FixedPriceMarket.redeem
FNDA:0,FixedPriceMarket.redeem
DA:95,0
DA:96,0
DA:97,0
BRDA:97,3,0,-
BRDA:97,3,1,-
DA:98,0
DA:100,0
DA:101,0
DA:102,0
DA:103,0
FN:109,FixedPriceMarket.burn
FNDA:0,FixedPriceMarket.burn
DA:110,0
BRDA:110,4,0,-
BRDA:110,4,1,-
DA:111,0
DA:112,0
DA:114,0
FN:120,FixedPriceMarket.supportsInterface
FNDA:0,FixedPriceMarket.supportsInterface
DA:121,0
DA:122,0
FN:130,FixedPriceMarket._vote
FNDA:4,FixedPriceMarket._vote
DA:136,4
DA:137,4
DA:138,4
DA:140,4
BRDA:140,5,0,1
BRDA:140,5,1,4
DA:141,1
DA:143,4
DA:144,4
FN:149,FixedPriceMarket._resolve
FNDA:0,FixedPriceMarket._resolve
DA:150,0
DA:151,0
FNF:8
FNH:4
LF:38
LH:16
BRF:12
BRH:4
end_of_record
TN:
SF:test/harnesses/DynamicBuyMarketHarness.sol
FN:12,DynamicBuyMarketHarness.exposed___DynamicBuyMarket_init
FNDA:0,DynamicBuyMarketHarness.exposed___DynamicBuyMarket_init
DA:17,0
FN:20,DynamicBuyMarketHarness.exposed__resolve
FNDA:0,DynamicBuyMarketHarness.exposed__resolve
DA:21,0
FNF:2
FNH:0
LF:2
LH:0
BRF:0
BRH:0
end_of_record
TN:
SF:test/harnesses/FixedPriceMarketHarness.sol
FN:11,FixedPriceMarketHarness.exposed___FixedPriceMarket_init
FNDA:6,FixedPriceMarketHarness.exposed___FixedPriceMarket_init
DA:15,5
FN:18,FixedPriceMarketHarness.exposed__resolve
FNDA:0,FixedPriceMarketHarness.exposed__resolve
DA:19,0
FNF:2
FNH:1
LF:2
LH:1
BRF:0
BRH:0
end_of_record
TN:
SF:test/harnesses/MarketBaseHarness.sol
FN:7,MarketBaseHarness.exposed___MarketBase_init
FNDA:271,MarketBaseHarness.exposed___MarketBase_init
DA:8,270
FN:11,MarketBaseHarness.workaround_setOutcome
FNDA:1,MarketBaseHarness.workaround_setOutcome
DA:12,1
FN:15,MarketBaseHarness.exposed_resolve
FNDA:3,MarketBaseHarness.exposed_resolve
DA:16,3
FN:19,MarketBaseHarness.voteOnOutcome
FNDA:0,MarketBaseHarness.voteOnOutcome
FNF:4
FNH:3
LF:3
LH:3
BRF:0
BRH:0
end_of_record
